<?xml version="1.0" encoding="UTF-8"?>
<!-- Generated by org.testng.reporters.JUnitXMLReporter -->
<testsuite ignored="13" hostname="Hameed" failures="1" tests="1" name="Default test" time="19.444" errors="0" timestamp="2024-06-11T23:34:39 IST">
  <testcase classname="test_execution_package.TestExecution" name="registration1" time="9.139">
    <failure type="org.openqa.selenium.ElementClickInterceptedException" message="element click intercepted: Element &amp;lt;div class=&amp;quot;css-1dbjc4n r-1awozwy r-1loqt21 r-13awgt0 r-1777fci r-bnwqim r-1otgn73 r-eafdt9 r-1i6wzkk r-lrvibr r-13qz1uu&amp;quot; data-focusable=&amp;quot;true&amp;quot; tabindex=&amp;quot;0&amp;quot;&amp;gt;...&amp;lt;/div&amp;gt; is not clickable at point (995, 650). Other element would receive the click: &amp;lt;div class=&amp;quot;css-1dbjc4n r-obd0qt r-1n9sb9w&amp;quot;&amp;gt;...&amp;lt;/div&amp;gt;
  (Session info: chrome=125.0.6422.142)
Build info: version: &amp;apos;4.19.0&amp;apos;, revision: &amp;apos;5f9cec8963&amp;apos;
System info: os.name: &amp;apos;Windows 11&amp;apos;, os.arch: &amp;apos;amd64&amp;apos;, os.version: &amp;apos;10.0&amp;apos;, java.version: &amp;apos;17.0.10&amp;apos;
Driver info: org.openqa.selenium.chrome.ChromeDriver
Command: [0e7eeabc43eca0f0d796e5c55d37f9b1, clickElement {id=f.62DEB02CA1767C2DDB330334BBDBA1B0.d.D3F7113D453E625A804E293C7375C43F.e.535}]
Capabilities {acceptInsecureCerts: false, browserName: chrome, browserVersion: 125.0.6422.142, chrome: {chromedriverVersion: 125.0.6422.141 (4b1e8393712..., userDataDir: C:\Users\91936\AppData\Loca...}, fedcm:accounts: true, goog:chromeOptions: {debuggerAddress: localhost:59030}, networkConnectionEnabled: false, pageLoadStrategy: normal, platformName: windows, proxy: Proxy(), se:cdp: ws://localhost:59030/devtoo..., se:cdpVersion: 125.0.6422.142, setWindowRect: true, strictFileInteractability: false, timeouts: {implicit: 0, pageLoad: 300000, script: 30000}, unhandledPromptBehavior: dismiss and notify, webauthn:extension:credBlob: true, webauthn:extension:largeBlob: true, webauthn:extension:minPinLength: true, webauthn:extension:prf: true, webauthn:virtualAuthenticators: true}
Element: [[ChromeDriver: chrome on windows (0e7eeabc43eca0f0d796e5c55d37f9b1)] -&amp;gt; xpath: //div[@id=&amp;apos;main-container&amp;apos;]/div/div[1]/div[6]/div[3]/div[5]/div[2]/div/div[2]/div[1]/div/div/div]
Session ID: 0e7eeabc43eca0f0d796e5c55d37f9b1">
      <![CDATA[org.openqa.selenium.ElementClickInterceptedException: element click intercepted: Element <div class="css-1dbjc4n r-1awozwy r-1loqt21 r-13awgt0 r-1777fci r-bnwqim r-1otgn73 r-eafdt9 r-1i6wzkk r-lrvibr r-13qz1uu" data-focusable="true" tabindex="0">...</div> is not clickable at point (995, 650). Other element would receive the click: <div class="css-1dbjc4n r-obd0qt r-1n9sb9w">...</div>
  (Session info: chrome=125.0.6422.142)
Build info: version: '4.19.0', revision: '5f9cec8963'
System info: os.name: 'Windows 11', os.arch: 'amd64', os.version: '10.0', java.version: '17.0.10'
Driver info: org.openqa.selenium.chrome.ChromeDriver
Command: [0e7eeabc43eca0f0d796e5c55d37f9b1, clickElement {id=f.62DEB02CA1767C2DDB330334BBDBA1B0.d.D3F7113D453E625A804E293C7375C43F.e.535}]
Capabilities {acceptInsecureCerts: false, browserName: chrome, browserVersion: 125.0.6422.142, chrome: {chromedriverVersion: 125.0.6422.141 (4b1e8393712..., userDataDir: C:\Users\91936\AppData\Loca...}, fedcm:accounts: true, goog:chromeOptions: {debuggerAddress: localhost:59030}, networkConnectionEnabled: false, pageLoadStrategy: normal, platformName: windows, proxy: Proxy(), se:cdp: ws://localhost:59030/devtoo..., se:cdpVersion: 125.0.6422.142, setWindowRect: true, strictFileInteractability: false, timeouts: {implicit: 0, pageLoad: 300000, script: 30000}, unhandledPromptBehavior: dismiss and notify, webauthn:extension:credBlob: true, webauthn:extension:largeBlob: true, webauthn:extension:minPinLength: true, webauthn:extension:prf: true, webauthn:virtualAuthenticators: true}
Element: [[ChromeDriver: chrome on windows (0e7eeabc43eca0f0d796e5c55d37f9b1)] -> xpath: //div[@id='main-container']/div/div[1]/div[6]/div[3]/div[5]/div[2]/div/div[2]/div[1]/div/div/div]
Session ID: 0e7eeabc43eca0f0d796e5c55d37f9b1
at java.base/jdk.internal.reflect.NativeConstructorAccessorImpl.newInstance0(Native Method)
at java.base/jdk.internal.reflect.NativeConstructorAccessorImpl.newInstance(NativeConstructorAccessorImpl.java:77)
at java.base/jdk.internal.reflect.DelegatingConstructorAccessorImpl.newInstance(DelegatingConstructorAccessorImpl.java:45)
at java.base/java.lang.reflect.Constructor.newInstanceWithCaller(Constructor.java:499)
at java.base/java.lang.reflect.Constructor.newInstance(Constructor.java:480)
at org.openqa.selenium.remote.ErrorCodec.decode(ErrorCodec.java:167)
at org.openqa.selenium.remote.codec.w3c.W3CHttpResponseCodec.decode(W3CHttpResponseCodec.java:138)
at org.openqa.selenium.remote.codec.w3c.W3CHttpResponseCodec.decode(W3CHttpResponseCodec.java:50)
at org.openqa.selenium.remote.HttpCommandExecutor.execute(HttpCommandExecutor.java:190)
at org.openqa.selenium.remote.service.DriverCommandExecutor.invokeExecute(DriverCommandExecutor.java:216)
at org.openqa.selenium.remote.service.DriverCommandExecutor.execute(DriverCommandExecutor.java:174)
at org.openqa.selenium.remote.RemoteWebDriver.execute(RemoteWebDriver.java:518)
at org.openqa.selenium.remote.RemoteWebElement.execute(RemoteWebElement.java:223)
at org.openqa.selenium.remote.RemoteWebElement.click(RemoteWebElement.java:76)
at java.base/jdk.internal.reflect.NativeMethodAccessorImpl.invoke0(Native Method)
at java.base/jdk.internal.reflect.NativeMethodAccessorImpl.invoke(NativeMethodAccessorImpl.java:77)
at java.base/jdk.internal.reflect.DelegatingMethodAccessorImpl.invoke(DelegatingMethodAccessorImpl.java:43)
at java.base/java.lang.reflect.Method.invoke(Method.java:568)
at org.openqa.selenium.support.pagefactory.internal.LocatingElementHandler.invoke(LocatingElementHandler.java:51)
at jdk.proxy2/jdk.proxy2.$Proxy13.click(Unknown Source)
at spice_jet_package.FlightResultPage.getChooseFlightFare(FlightResultPage.java:38)
at test_execution_package.TestExecution.registration1(TestExecution.java:142)
at java.base/jdk.internal.reflect.NativeMethodAccessorImpl.invoke0(Native Method)
at java.base/jdk.internal.reflect.NativeMethodAccessorImpl.invoke(NativeMethodAccessorImpl.java:77)
at java.base/jdk.internal.reflect.DelegatingMethodAccessorImpl.invoke(DelegatingMethodAccessorImpl.java:43)
at java.base/java.lang.reflect.Method.invoke(Method.java:568)
at org.testng.internal.invokers.MethodInvocationHelper.invokeMethod(MethodInvocationHelper.java:139)
at org.testng.internal.invokers.TestInvoker.invokeMethod(TestInvoker.java:677)
at org.testng.internal.invokers.TestInvoker.invokeTestMethod(TestInvoker.java:221)
at org.testng.internal.invokers.MethodRunner.runInSequence(MethodRunner.java:50)
at org.testng.internal.invokers.TestInvoker$MethodInvocationAgent.invoke(TestInvoker.java:969)
at org.testng.internal.invokers.TestInvoker.invokeTestMethods(TestInvoker.java:194)
at org.testng.internal.invokers.TestMethodWorker.invokeTestMethods(TestMethodWorker.java:148)
at org.testng.internal.invokers.TestMethodWorker.run(TestMethodWorker.java:128)
at java.base/java.util.ArrayList.forEach(ArrayList.java:1511)
at org.testng.TestRunner.privateRun(TestRunner.java:829)
at org.testng.TestRunner.run(TestRunner.java:602)
at org.testng.SuiteRunner.runTest(SuiteRunner.java:437)
at org.testng.SuiteRunner.runSequentially(SuiteRunner.java:431)
at org.testng.SuiteRunner.privateRun(SuiteRunner.java:391)
at org.testng.SuiteRunner.run(SuiteRunner.java:330)
at org.testng.SuiteRunnerWorker.runSuite(SuiteRunnerWorker.java:52)
at org.testng.SuiteRunnerWorker.run(SuiteRunnerWorker.java:95)
at org.testng.TestNG.runSuitesSequentially(TestNG.java:1256)
at org.testng.TestNG.runSuitesLocally(TestNG.java:1176)
at org.testng.TestNG.runSuites(TestNG.java:1099)
at org.testng.TestNG.run(TestNG.java:1067)
at org.testng.remote.AbstractRemoteTestNG.run(AbstractRemoteTestNG.java:115)
at org.testng.remote.RemoteTestNG.initAndRun(RemoteTestNG.java:293)
at org.testng.remote.RemoteTestNG.main(RemoteTestNG.java:91)
]]>
    </failure>
  </testcase> <!-- registration1 -->
  <testcase classname="test_execution_package.TestExecution" name="validateSearchFlightforRoundTrip" time="0.0">
    <ignored/>
  </testcase> <!-- validateSearchFlightforRoundTrip -->
  <testcase classname="test_execution_package.TestExecution" name="validateSignInFunctionUsingEmailWithInValidCredentials" time="0.0">
    <ignored/>
  </testcase> <!-- validateSignInFunctionUsingEmailWithInValidCredentials -->
  <testcase classname="test_execution_package.TestExecution" name="validateSearchFlightforOnewayTrip" time="0.0">
    <ignored/>
  </testcase> <!-- validateSearchFlightforOnewayTrip -->
  <testcase classname="test_execution_package.TestExecution" name="validateSignInFunctionUsingPhNo" time="0.0">
    <ignored/>
  </testcase> <!-- validateSignInFunctionUsingPhNo -->
  <testcase classname="test_execution_package.TestExecution" name="validateFieldsAvailability" time="0.0">
    <ignored/>
  </testcase> <!-- validateFieldsAvailability -->
  <testcase classname="test_execution_package.TestExecution" name="validateSignUpFunction2" time="0.0">
    <ignored/>
  </testcase> <!-- validateSignUpFunction2 -->
  <testcase classname="test_execution_package.TestExecution" name="validateChooseFlight" time="0.0">
    <ignored/>
  </testcase> <!-- validateChooseFlight -->
  <testcase classname="test_execution_package.TestExecution" name="validateSignInFunctionUsingPhNoWithValidCredentials" time="0.0">
    <ignored/>
  </testcase> <!-- validateSignInFunctionUsingPhNoWithValidCredentials -->
  <testcase classname="test_execution_package.TestExecution" name="validateSignInFunctionUsingEmailWithValidCredentials" time="0.0">
    <ignored/>
  </testcase> <!-- validateSignInFunctionUsingEmailWithValidCredentials -->
  <testcase classname="test_execution_package.TestExecution" name="registration" time="0.0">
    <ignored/>
  </testcase> <!-- registration -->
  <testcase classname="test_execution_package.TestExecution" name="validateSignUpFunction" time="0.0">
    <ignored/>
  </testcase> <!-- validateSignUpFunction -->
  <testcase classname="test_execution_package.TestExecution" name="validateSignInFunctionUsingEmail" time="0.0">
    <ignored/>
  </testcase> <!-- validateSignInFunctionUsingEmail -->
  <testcase classname="test_execution_package.TestExecution" name="validateSignInFunctionUsingPhNoWithInValidCredentials" time="0.0">
    <ignored/>
  </testcase> <!-- validateSignInFunctionUsingPhNoWithInValidCredentials -->
</testsuite> <!-- Default test -->
